<?xml version="1.0" encoding="UTF-8"?>
<!-- Generated by org.testng.reporters.JUnitReportReporter -->
<testsuite hostname="LAPTOP-5HPEC85R" failures="0" tests="1" name="demo.actiTimeGenericUtils.test" time="0.021" errors="0" timestamp="2021-11-07T20:08:53 IST" skipped="0">
  <testcase classname="demo.actiTimeGenericUtils.test" name="test1" time="0.021"/>
  <system-out/>
</testsuite> <!-- demo.actiTimeGenericUtils.test -->
